<?xml version="1.0" encoding="UTF-8"?>
<!-- Generated by org.testng.reporters.JUnitXMLReporter -->
<testsuite hostname="DESKTOP-3EGAET6" ignored="4" name="Test" tests="1" failures="0" timestamp="15 Sep 2020 11:05:01 GMT" time="0.222" errors="0">
  <testcase name="f1" time="0.105" classname="Day11CSV.GroupExample"/>
  <testcase name="f2" time="0.0" classname="Day11CSV.GroupExample">
    <ignored/>
  </testcase> <!-- f2 -->
  <testcase name="f5" time="0.0" classname="Day11CSV.GroupExample">
    <ignored/>
  </testcase> <!-- f5 -->
  <testcase name="f3" time="0.0" classname="Day11CSV.GroupExample">
    <ignored/>
  </testcase> <!-- f3 -->
  <testcase name="f4" time="0.0" classname="Day11CSV.GroupExample">
    <ignored/>
  </testcase> <!-- f4 -->
</testsuite> <!-- Test -->
